20:51:48 **** Incremental Build of configuration Debug for project proyectoFinal_escarlina ****
make -j8 all 
arm-none-eabi-gcc "../Core/Src/main.c" -mcpu=cortex-m4 -std=gnu11 -g3 -DDEBUG -DUSE_HAL_DRIVER -DSTM32F302x8 -c -I../Core/Inc -I../Drivers/STM32F3xx_HAL_Driver/Inc -I../Drivers/STM32F3xx_HAL_Driver/Inc/Legacy -I../Drivers/CMSIS/Device/ST/STM32F3xx/Include -I../Drivers/CMSIS/Include -O0 -ffunction-sections -fdata-sections -Wall -fstack-usage -fcyclomatic-complexity -MMD -MP -MF"Core/Src/main.d" -MT"Core/Src/main.o" --specs=nano.specs -mfpu=fpv4-sp-d16 -mfloat-abi=hard -mthumb -o "Core/Src/main.o"
../Core/Src/main.c: In function 'main':
../Core/Src/main.c:197:26: warning: passing argument 1 of 'mostrar_pieza' discards 'const' qualifier from pointer target type [-Wdiscarded-qualifiers]
  197 |            mostrar_pieza(sel_piezas, fila_inicial);
      |                          ^~~~~~~~~~
../Core/Src/main.c:108:30: note: expected 'uint8_t *' {aka 'unsigned char *'} but argument is of type 'const uint8_t *' {aka 'const unsigned char *'}
  108 |  void mostrar_pieza( uint8_t piezas[8], int fila_inicial) {
      |                      ~~~~~~~~^~~~~~~~~
../Core/Src/main.c:265:13: error: invalid storage class for function 'MX_USART2_UART_Init'
  265 | static void MX_USART2_UART_Init(void)
      |             ^~~~~~~~~~~~~~~~~~~
../Core/Src/main.c:300:13: error: invalid storage class for function 'MX_GPIO_Init'
  300 | static void MX_GPIO_Init(void)
      |             ^~~~~~~~~~~~
../Core/Src/main.c:382:1: error: expected declaration or statement at end of input
  382 | }
      | ^
../Core/Src/main.c: At top level:
../Core/Src/main.c:53:13: warning: 'MX_GPIO_Init' used but never defined
   53 | static void MX_GPIO_Init(void);
      |             ^~~~~~~~~~~~
../Core/Src/main.c:54:13: warning: 'MX_USART2_UART_Init' used but never defined
   54 | static void MX_USART2_UART_Init(void);
      |             ^~~~~~~~~~~~~~~~~~~
../Core/Src/main.c:373:6: warning: 'Error_Handler' defined but not used [-Wunused-function]
  373 | void Error_Handler(void)
      |      ^~~~~~~~~~~~~
../Core/Src/main.c:356:6: warning: 'HAL_GPIO_EXTI_Callback' defined but not used [-Wunused-function]
  356 | void HAL_GPIO_EXTI_Callback(uint16_t GPIO_Pin)
      |      ^~~~~~~~~~~~~~~~~~~~~~
../Core/Src/main.c:300:13: warning: 'MX_GPIO_Init' defined but not used [-Wunused-function]
  300 | static void MX_GPIO_Init(void)
      |             ^~~~~~~~~~~~
../Core/Src/main.c:265:13: warning: 'MX_USART2_UART_Init' defined but not used [-Wunused-function]
  265 | static void MX_USART2_UART_Init(void)
      |             ^~~~~~~~~~~~~~~~~~~
../Core/Src/main.c:225:6: warning: 'SystemClock_Config' defined but not used [-Wunused-function]
  225 | void SystemClock_Config(void)
      |      ^~~~~~~~~~~~~~~~~~
make: *** [Core/Src/subdir.mk:37: Core/Src/main.o] Error 1
"make -j8 all" terminated with exit code 2. Build might be incomplete.
20:51:55 **** Incremental Build of configuration Debug for project proyectoFinal_escarlina ****
make -j8 all 
arm-none-eabi-gcc "../Core/Src/main.c" -mcpu=cortex-m4 -std=gnu11 -g3 -DDEBUG -DUSE_HAL_DRIVER -DSTM32F302x8 -c -I../Core/Inc -I../Drivers/STM32F3xx_HAL_Driver/Inc -I../Drivers/STM32F3xx_HAL_Driver/Inc/Legacy -I../Drivers/CMSIS/Device/ST/STM32F3xx/Include -I../Drivers/CMSIS/Include -O0 -ffunction-sections -fdata-sections -Wall -fstack-usage -fcyclomatic-complexity -MMD -MP -MF"Core/Src/main.d" -MT"Core/Src/main.o" --specs=nano.specs -mfpu=fpv4-sp-d16 -mfloat-abi=hard -mthumb -o "Core/Src/main.o"
../Core/Src/main.c: In function 'main':
../Core/Src/main.c:197:26: warning: passing argument 1 of 'mostrar_pieza' discards 'const' qualifier from pointer target type [-Wdiscarded-qualifiers]
  197 |            mostrar_pieza(sel_piezas, fila_inicial);
      |                          ^~~~~~~~~~
../Core/Src/main.c:108:30: note: expected 'uint8_t *' {aka 'unsigned char *'} but argument is of type 'const uint8_t *' {aka 'const unsigned char *'}
  108 |  void mostrar_pieza( uint8_t piezas[8], int fila_inicial) {
      |                      ~~~~~~~~^~~~~~~~~
arm-none-eabi-gcc -o "proyectoFinal_escarlina.elf" @"objects.list"   -mcpu=cortex-m4 -T"C:\Users\mecat\Documents\GitHub\STM32CubeIDE\workspace_1.14.1\proyectoFinal_escarlina\STM32F302R8TX_FLASH.ld" --specs=nosys.specs -Wl,-Map="proyectoFinal_escarlina.map" -Wl,--gc-sections -static --specs=nano.specs -mfpu=fpv4-sp-d16 -mfloat-abi=hard -mthumb -Wl,--start-group -lc -lm -Wl,--end-group
C:/ST/STM32CubeIDE_1.14.1/STM32CubeIDE/plugins/com.st.stm32cube.ide.mcu.externaltools.gnu-tools-for-stm32.11.3.rel1.win32_1.1.100.202309141235/tools/bin/../lib/gcc/arm-none-eabi/11.3.1/../../../../arm-none-eabi/bin/ld.exe: C:/ST/STM32CubeIDE_1.14.1/STM32CubeIDE/plugins/com.st.stm32cube.ide.mcu.externaltools.gnu-tools-for-stm32.11.3.rel1.win32_1.1.100.202309141235/tools/bin/../lib/gcc/arm-none-eabi/11.3.1/../../../../arm-none-eabi/lib/thumb/v7e-m+fp/hard\libc_nano.a(libc_a-gettimeofdayr.o): in function `_gettimeofday_r':
(.text._gettimeofday_r+0xe): warning: _gettimeofday is not implemented and will always fail
Finished building target: proyectoFinal_escarlina.elf
 
arm-none-eabi-size  proyectoFinal_escarlina.elf 
arm-none-eabi-objdump -h -S proyectoFinal_escarlina.elf  > "proyectoFinal_escarlina.list"
   text	   data	    bss	    dec	    hex	filename
  16628	    168	   2272	  19068	   4a7c	proyectoFinal_escarlina.elf
Finished building: default.size.stdout
 
Finished building: proyectoFinal_escarlina.list
 
20:53:51 **** Incremental Build of configuration Debug for project proyectoFinal_escarlina ****
make -j8 all 
arm-none-eabi-gcc "../Core/Src/main.c" -mcpu=cortex-m4 -std=gnu11 -g3 -DDEBUG -DUSE_HAL_DRIVER -DSTM32F302x8 -c -I../Core/Inc -I../Drivers/STM32F3xx_HAL_Driver/Inc -I../Drivers/STM32F3xx_HAL_Driver/Inc/Legacy -I../Drivers/CMSIS/Device/ST/STM32F3xx/Include -I../Drivers/CMSIS/Include -O0 -ffunction-sections -fdata-sections -Wall -fstack-usage -fcyclomatic-complexity -MMD -MP -MF"Core/Src/main.d" -MT"Core/Src/main.o" --specs=nano.specs -mfpu=fpv4-sp-d16 -mfloat-abi=hard -mthumb -o "Core/Src/main.o"
../Core/Src/main.c: In function 'main':
../Core/Src/main.c:197:26: warning: passing argument 1 of 'mostrar_pieza' discards 'const' qualifier from pointer target type [-Wdiscarded-qualifiers]
  197 |            mostrar_pieza(sel_piezas, fila_inicial);
      |                          ^~~~~~~~~~
../Core/Src/main.c:108:30: note: expected 'uint8_t *' {aka 'unsigned char *'} but argument is of type 'const uint8_t *' {aka 'const unsigned char *'}
  108 |  void mostrar_pieza( uint8_t piezas[8], int fila_inicial) {
      |                      ~~~~~~~~^~~~~~~~~
arm-none-eabi-gcc -o "proyectoFinal_escarlina.elf" @"objects.list"   -mcpu=cortex-m4 -T"C:\Users\mecat\Documents\GitHub\STM32CubeIDE\workspace_1.14.1\proyectoFinal_escarlina\STM32F302R8TX_FLASH.ld" --specs=nosys.specs -Wl,-Map="proyectoFinal_escarlina.map" -Wl,--gc-sections -static --specs=nano.specs -mfpu=fpv4-sp-d16 -mfloat-abi=hard -mthumb -Wl,--start-group -lc -lm -Wl,--end-group
C:/ST/STM32CubeIDE_1.14.1/STM32CubeIDE/plugins/com.st.stm32cube.ide.mcu.externaltools.gnu-tools-for-stm32.11.3.rel1.win32_1.1.100.202309141235/tools/bin/../lib/gcc/arm-none-eabi/11.3.1/../../../../arm-none-eabi/bin/ld.exe: C:/ST/STM32CubeIDE_1.14.1/STM32CubeIDE/plugins/com.st.stm32cube.ide.mcu.externaltools.gnu-tools-for-stm32.11.3.rel1.win32_1.1.100.202309141235/tools/bin/../lib/gcc/arm-none-eabi/11.3.1/../../../../arm-none-eabi/lib/thumb/v7e-m+fp/hard\libc_nano.a(libc_a-gettimeofdayr.o): in function `_gettimeofday_r':
(.text._gettimeofday_r+0xe): warning: _gettimeofday is not implemented and will always fail
Finished building target: proyectoFinal_escarlina.elf
 
arm-none-eabi-size  proyectoFinal_escarlina.elf 
arm-none-eabi-objdump -h -S proyectoFinal_escarlina.elf  > "proyectoFinal_escarlina.list"
   text	   data	    bss	    dec	    hex	filename
  16628	    168	   2272	  19068	   4a7c	proyectoFinal_escarlina.elf
Finished building: default.size.stdout
 
Finished building: proyectoFinal_escarlina.list
 
20:56:43 **** Incremental Build of configuration Debug for project proyectoFinal_escarlina ****
make -j8 all 
arm-none-eabi-gcc "../Core/Src/main.c" -mcpu=cortex-m4 -std=gnu11 -g3 -DDEBUG -DUSE_HAL_DRIVER -DSTM32F302x8 -c -I../Core/Inc -I../Drivers/STM32F3xx_HAL_Driver/Inc -I../Drivers/STM32F3xx_HAL_Driver/Inc/Legacy -I../Drivers/CMSIS/Device/ST/STM32F3xx/Include -I../Drivers/CMSIS/Include -O0 -ffunction-sections -fdata-sections -Wall -fstack-usage -fcyclomatic-complexity -MMD -MP -MF"Core/Src/main.d" -MT"Core/Src/main.o" --specs=nano.specs -mfpu=fpv4-sp-d16 -mfloat-abi=hard -mthumb -o "Core/Src/main.o"
../Core/Src/main.c: In function 'main':
../Core/Src/main.c:184:26: warning: passing argument 1 of 'mostrar_pieza' discards 'const' qualifier from pointer target type [-Wdiscarded-qualifiers]
  184 |            mostrar_pieza(sel_piezas, fila_inicial);
      |                          ^~~~~~~~~~
../Core/Src/main.c:108:30: note: expected 'uint8_t *' {aka 'unsigned char *'} but argument is of type 'const uint8_t *' {aka 'const unsigned char *'}
  108 |  void mostrar_pieza( uint8_t piezas[8], int fila_inicial) {
      |                      ~~~~~~~~^~~~~~~~~
arm-none-eabi-gcc -o "proyectoFinal_escarlina.elf" @"objects.list"   -mcpu=cortex-m4 -T"C:\Users\mecat\Documents\GitHub\STM32CubeIDE\workspace_1.14.1\proyectoFinal_escarlina\STM32F302R8TX_FLASH.ld" --specs=nosys.specs -Wl,-Map="proyectoFinal_escarlina.map" -Wl,--gc-sections -static --specs=nano.specs -mfpu=fpv4-sp-d16 -mfloat-abi=hard -mthumb -Wl,--start-group -lc -lm -Wl,--end-group
C:/ST/STM32CubeIDE_1.14.1/STM32CubeIDE/plugins/com.st.stm32cube.ide.mcu.externaltools.gnu-tools-for-stm32.11.3.rel1.win32_1.1.100.202309141235/tools/bin/../lib/gcc/arm-none-eabi/11.3.1/../../../../arm-none-eabi/bin/ld.exe: C:/ST/STM32CubeIDE_1.14.1/STM32CubeIDE/plugins/com.st.stm32cube.ide.mcu.externaltools.gnu-tools-for-stm32.11.3.rel1.win32_1.1.100.202309141235/tools/bin/../lib/gcc/arm-none-eabi/11.3.1/../../../../arm-none-eabi/lib/thumb/v7e-m+fp/hard\libc_nano.a(libc_a-gettimeofdayr.o): in function `_gettimeofday_r':
(.text._gettimeofday_r+0xe): warning: _gettimeofday is not implemented and will always fail
Finished building target: proyectoFinal_escarlina.elf
 
arm-none-eabi-size  proyectoFinal_escarlina.elf 
arm-none-eabi-objdump -h -S proyectoFinal_escarlina.elf  > "proyectoFinal_escarlina.list"
   text	   data	    bss	    dec	    hex	filename
  16628	    168	   2272	  19068	   4a7c	proyectoFinal_escarlina.elf
Finished building: default.size.stdout
 
Finished building: proyectoFinal_escarlina.list
 
20:58:49 **** Incremental Build of configuration Debug for project proyectoFinal_escarlina ****
make -j8 all 
arm-none-eabi-gcc "../Core/Src/main.c" -mcpu=cortex-m4 -std=gnu11 -g3 -DDEBUG -DUSE_HAL_DRIVER -DSTM32F302x8 -c -I../Core/Inc -I../Drivers/STM32F3xx_HAL_Driver/Inc -I../Drivers/STM32F3xx_HAL_Driver/Inc/Legacy -I../Drivers/CMSIS/Device/ST/STM32F3xx/Include -I../Drivers/CMSIS/Include -O0 -ffunction-sections -fdata-sections -Wall -fstack-usage -fcyclomatic-complexity -MMD -MP -MF"Core/Src/main.d" -MT"Core/Src/main.o" --specs=nano.specs -mfpu=fpv4-sp-d16 -mfloat-abi=hard -mthumb -o "Core/Src/main.o"
../Core/Src/main.c: In function 'main':
../Core/Src/main.c:174:26: warning: passing argument 1 of 'mostrar_pieza' discards 'const' qualifier from pointer target type [-Wdiscarded-qualifiers]
  174 |            mostrar_pieza(sel_piezas, fila_inicial, columna_inicial);
      |                          ^~~~~~~~~~
../Core/Src/main.c:108:30: note: expected 'uint8_t *' {aka 'unsigned char *'} but argument is of type 'const uint8_t *' {aka 'const unsigned char *'}
  108 |  void mostrar_pieza( uint8_t piezas[8], int fila_inicial) {
      |                      ~~~~~~~~^~~~~~~~~
../Core/Src/main.c:174:12: error: too many arguments to function 'mostrar_pieza'
  174 |            mostrar_pieza(sel_piezas, fila_inicial, columna_inicial);
      |            ^~~~~~~~~~~~~
../Core/Src/main.c:108:7: note: declared here
  108 |  void mostrar_pieza( uint8_t piezas[8], int fila_inicial) {
      |       ^~~~~~~~~~~~~
make: *** [Core/Src/subdir.mk:37: Core/Src/main.o] Error 1
"make -j8 all" terminated with exit code 2. Build might be incomplete.
20:59:17 **** Incremental Build of configuration Debug for project proyectoFinal_escarlina ****
make -j8 all 
arm-none-eabi-gcc "../Core/Src/main.c" -mcpu=cortex-m4 -std=gnu11 -g3 -DDEBUG -DUSE_HAL_DRIVER -DSTM32F302x8 -c -I../Core/Inc -I../Drivers/STM32F3xx_HAL_Driver/Inc -I../Drivers/STM32F3xx_HAL_Driver/Inc/Legacy -I../Drivers/CMSIS/Device/ST/STM32F3xx/Include -I../Drivers/CMSIS/Include -O0 -ffunction-sections -fdata-sections -Wall -fstack-usage -fcyclomatic-complexity -MMD -MP -MF"Core/Src/main.d" -MT"Core/Src/main.o" --specs=nano.specs -mfpu=fpv4-sp-d16 -mfloat-abi=hard -mthumb -o "Core/Src/main.o"
../Core/Src/main.c: In function 'main':
../Core/Src/main.c:177:26: warning: passing argument 1 of 'mostrar_pieza' discards 'const' qualifier from pointer target type [-Wdiscarded-qualifiers]
  177 |            mostrar_pieza(sel_piezas, fila_inicial, columna_inicial);
      |                          ^~~~~~~~~~
../Core/Src/main.c:108:29: note: expected 'uint8_t *' {aka 'unsigned char *'} but argument is of type 'const uint8_t *' {aka 'const unsigned char *'}
  108 |  void mostrar_pieza(uint8_t piezas[8], int fila_inicial, int columna_inicial)
      |                     ~~~~~~~~^~~~~~~~~
arm-none-eabi-gcc -o "proyectoFinal_escarlina.elf" @"objects.list"   -mcpu=cortex-m4 -T"C:\Users\mecat\Documents\GitHub\STM32CubeIDE\workspace_1.14.1\proyectoFinal_escarlina\STM32F302R8TX_FLASH.ld" --specs=nosys.specs -Wl,-Map="proyectoFinal_escarlina.map" -Wl,--gc-sections -static --specs=nano.specs -mfpu=fpv4-sp-d16 -mfloat-abi=hard -mthumb -Wl,--start-group -lc -lm -Wl,--end-group
C:/ST/STM32CubeIDE_1.14.1/STM32CubeIDE/plugins/com.st.stm32cube.ide.mcu.externaltools.gnu-tools-for-stm32.11.3.rel1.win32_1.1.100.202309141235/tools/bin/../lib/gcc/arm-none-eabi/11.3.1/../../../../arm-none-eabi/bin/ld.exe: C:/ST/STM32CubeIDE_1.14.1/STM32CubeIDE/plugins/com.st.stm32cube.ide.mcu.externaltools.gnu-tools-for-stm32.11.3.rel1.win32_1.1.100.202309141235/tools/bin/../lib/gcc/arm-none-eabi/11.3.1/../../../../arm-none-eabi/lib/thumb/v7e-m+fp/hard\libc_nano.a(libc_a-gettimeofdayr.o): in function `_gettimeofday_r':
(.text._gettimeofday_r+0xe): warning: _gettimeofday is not implemented and will always fail
Finished building target: proyectoFinal_escarlina.elf
 
arm-none-eabi-size  proyectoFinal_escarlina.elf 
arm-none-eabi-objdump -h -S proyectoFinal_escarlina.elf  > "proyectoFinal_escarlina.list"
   text	   data	    bss	    dec	    hex	filename
  16632	    168	   2272	  19072	   4a80	proyectoFinal_escarlina.elf
Finished building: default.size.stdout
 
Finished building: proyectoFinal_escarlina.list
 
