17:40:29 **** Incremental Build of configuration Debug for project proyectoFinal_escarlina ****
make -j8 all 
arm-none-eabi-gcc "../Core/Src/main.c" -mcpu=cortex-m4 -std=gnu11 -g3 -DDEBUG -DUSE_HAL_DRIVER -DSTM32F302x8 -c -I../Core/Inc -I../Drivers/STM32F3xx_HAL_Driver/Inc -I../Drivers/STM32F3xx_HAL_Driver/Inc/Legacy -I../Drivers/CMSIS/Device/ST/STM32F3xx/Include -I../Drivers/CMSIS/Include -O0 -ffunction-sections -fdata-sections -Wall -fstack-usage -fcyclomatic-complexity -MMD -MP -MF"Core/Src/main.d" -MT"Core/Src/main.o" --specs=nano.specs -mfpu=fpv4-sp-d16 -mfloat-abi=hard -mthumb -o "Core/Src/main.o"
../Core/Src/main.c: In function 'verificar_filas_llenas':
../Core/Src/main.c:134:9: warning: implicit declaration of function 'reiniciar_juego' [-Wimplicit-function-declaration]
  134 |         reiniciar_juego(); //reinicio el juego si se lleno cualquiera de las filas
      |         ^~~~~~~~~~~~~~~
../Core/Src/main.c: At top level:
../Core/Src/main.c:140:6: warning: conflicting types for 'reiniciar_juego'; have 'void()'
  140 | void reiniciar_juego() {
      |      ^~~~~~~~~~~~~~~
../Core/Src/main.c:134:9: note: previous implicit declaration of 'reiniciar_juego' with type 'void()'
  134 |         reiniciar_juego(); //reinicio el juego si se lleno cualquiera de las filas
      |         ^~~~~~~~~~~~~~~
../Core/Src/main.c: In function 'programa_principal':
../Core/Src/main.c:190:35: warning: passing argument 1 of 'mostrar_pieza' discards 'const' qualifier from pointer target type [-Wdiscarded-qualifiers]
  190 |                     mostrar_pieza(sel_piezas, fila_inicial, columna_inicial);
      |                                   ^~~~~~~~~~
../Core/Src/main.c:95:28: note: expected 'uint8_t *' {aka 'unsigned char *'} but argument is of type 'const uint8_t *' {aka 'const unsigned char *'}
   95 | void mostrar_pieza(uint8_t piezas[8], int fila_inicial, int columna_inicial) {
      |                    ~~~~~~~~^~~~~~~~~
../Core/Src/main.c: In function 'HAL_ADC_ConvCpltCallback':
../Core/Src/main.c:244:5: warning: 'main' is normally a non-static function [-Wmain]
  244 | int main(void)
      |     ^~~~
At top level:
../Core/Src/main.c:244:5: warning: 'main' defined but not used [-Wunused-function]
arm-none-eabi-gcc -o "proyectoFinal_escarlina.elf" @"objects.list"   -mcpu=cortex-m4 -T"C:\Users\mecat\Documents\GitHub\STM32CubeIDE\workspace_1.14.1\proyectoFinal_escarlina\STM32F302R8TX_FLASH.ld" --specs=nosys.specs -Wl,-Map="proyectoFinal_escarlina.map" -Wl,--gc-sections -static --specs=nano.specs -mfpu=fpv4-sp-d16 -mfloat-abi=hard -mthumb -Wl,--start-group -lc -lm -Wl,--end-group
C:/ST/STM32CubeIDE_1.14.1/STM32CubeIDE/plugins/com.st.stm32cube.ide.mcu.externaltools.gnu-tools-for-stm32.11.3.rel1.win32_1.1.100.202309141235/tools/bin/../lib/gcc/arm-none-eabi/11.3.1/../../../../arm-none-eabi/bin/ld.exe: ./Core/Startup/startup_stm32f302r8tx.o: in function `LoopFillZerobss':
C:/Users/mecat/Documents/GitHub/STM32CubeIDE/workspace_1.14.1/proyectoFinal_escarlina/Debug/../Core/Startup/startup_stm32f302r8tx.s:101: undefined reference to `main'
collect2.exe: error: ld returned 1 exit status
make: *** [makefile:64: proyectoFinal_escarlina.elf] Error 1
"make -j8 all" terminated with exit code 2. Build might be incomplete.

17:40:30 Build Failed. 2 errors, 5 warnings. (took 1s.440ms)

